

================================================================
== Vitis HLS Report for 'QAM16_demod'
================================================================
* Date:           Thu Jun 23 21:45:38 2022

* Version:        2021.2 (Build 3367213 on Tue Oct 19 02:48:09 MDT 2021)
* Project:        QAM16_Demod
* Solution:       solution1 (Vivado IP Flow Target)
* Product family: zynq
* Target device:  xc7z020-clg400-1


================================================================
== Performance Estimates
================================================================
+ Timing: 
    * Summary: 
    +--------+----------+----------+------------+
    |  Clock |  Target  | Estimated| Uncertainty|
    +--------+----------+----------+------------+
    |ap_clk  |  10.00 ns|  7.256 ns|     2.70 ns|
    +--------+----------+----------+------------+

+ Latency: 
    * Summary: 
    +---------+---------+----------+----------+-----+-----+---------+
    |  Latency (cycles) |  Latency (absolute) |  Interval | Pipeline|
    |   min   |   max   |    min   |    max   | min | max |   Type  |
    +---------+---------+----------+----------+-----+-----+---------+
    |       20|       20|  0.200 us|  0.200 us|    1|    1|      yes|
    +---------+---------+----------+----------+-----+-----+---------+

    + Detail: 
        * Instance: 
        N/A

        * Loop: 
        N/A



================================================================
== Utilization Estimates
================================================================
* Summary: 
+-----------------+---------+-----+--------+-------+-----+
|       Name      | BRAM_18K| DSP |   FF   |  LUT  | URAM|
+-----------------+---------+-----+--------+-------+-----+
|DSP              |        -|    -|       -|      -|    -|
|Expression       |        -|    -|       0|   1229|    -|
|FIFO             |        -|    -|       -|      -|    -|
|Instance         |        -|   51|    3747|   7649|    -|
|Memory           |        -|    -|       -|      -|    -|
|Multiplexer      |        -|    -|       -|    176|    -|
|Register         |        -|    -|    3057|    864|    -|
+-----------------+---------+-----+--------+-------+-----+
|Total            |        0|   51|    6804|   9918|    0|
+-----------------+---------+-----+--------+-------+-----+
|Available        |      280|  220|  106400|  53200|    0|
+-----------------+---------+-----+--------+-------+-----+
|Utilization (%)  |        0|   23|       6|     18|    0|
+-----------------+---------+-----+--------+-------+-----+

+ Detail: 
    * Instance: 
    +------------------------------------+--------------------------------+---------+----+-----+-----+-----+
    |              Instance              |             Module             | BRAM_18K| DSP|  FF | LUT | URAM|
    +------------------------------------+--------------------------------+---------+----+-----+-----+-----+
    |fadd_32ns_32ns_32_5_full_dsp_0_U1   |fadd_32ns_32ns_32_5_full_dsp_0  |        0|   2|  205|  390|    0|
    |fadd_32ns_32ns_32_5_full_dsp_0_U2   |fadd_32ns_32ns_32_5_full_dsp_0  |        0|   2|  205|  390|    0|
    |fadd_32ns_32ns_32_5_full_dsp_0_U3   |fadd_32ns_32ns_32_5_full_dsp_0  |        0|   2|  205|  390|    0|
    |fadd_32ns_32ns_32_5_full_dsp_0_U4   |fadd_32ns_32ns_32_5_full_dsp_0  |        0|   2|  205|  390|    0|
    |fadd_32ns_32ns_32_5_full_dsp_0_U5   |fadd_32ns_32ns_32_5_full_dsp_0  |        0|   2|  205|  390|    0|
    |fadd_32ns_32ns_32_5_full_dsp_0_U6   |fadd_32ns_32ns_32_5_full_dsp_0  |        0|   2|  205|  390|    0|
    |fadd_32ns_32ns_32_5_full_dsp_0_U7   |fadd_32ns_32ns_32_5_full_dsp_0  |        0|   2|  205|  390|    0|
    |fadd_32ns_32ns_32_5_full_dsp_0_U8   |fadd_32ns_32ns_32_5_full_dsp_0  |        0|   2|  205|  390|    0|
    |fadd_32ns_32ns_32_5_full_dsp_0_U9   |fadd_32ns_32ns_32_5_full_dsp_0  |        0|   2|  205|  390|    0|
    |fadd_32ns_32ns_32_5_full_dsp_0_U10  |fadd_32ns_32ns_32_5_full_dsp_0  |        0|   2|  205|  390|    0|
    |fadd_32ns_32ns_32_5_full_dsp_0_U11  |fadd_32ns_32ns_32_5_full_dsp_0  |        0|   2|  205|  390|    0|
    |fadd_32ns_32ns_32_5_full_dsp_0_U12  |fadd_32ns_32ns_32_5_full_dsp_0  |        0|   2|  205|  390|    0|
    |fcmp_32ns_32ns_1_2_no_dsp_0_U22     |fcmp_32ns_32ns_1_2_no_dsp_0     |        0|   0|    0|    0|    0|
    |fcmp_32ns_32ns_1_2_no_dsp_0_U23     |fcmp_32ns_32ns_1_2_no_dsp_0     |        0|   0|    0|    0|    0|
    |fcmp_32ns_32ns_1_2_no_dsp_0_U24     |fcmp_32ns_32ns_1_2_no_dsp_0     |        0|   0|    0|    0|    0|
    |fcmp_32ns_32ns_1_2_no_dsp_0_U25     |fcmp_32ns_32ns_1_2_no_dsp_0     |        0|   0|    0|    0|    0|
    |fcmp_32ns_32ns_1_2_no_dsp_0_U26     |fcmp_32ns_32ns_1_2_no_dsp_0     |        0|   0|    0|    0|    0|
    |fcmp_32ns_32ns_1_2_no_dsp_0_U27     |fcmp_32ns_32ns_1_2_no_dsp_0     |        0|   0|    0|    0|    0|
    |fcmp_32ns_32ns_1_2_no_dsp_0_U28     |fcmp_32ns_32ns_1_2_no_dsp_0     |        0|   0|    0|    0|    0|
    |fcmp_32ns_32ns_1_2_no_dsp_0_U29     |fcmp_32ns_32ns_1_2_no_dsp_0     |        0|   0|    0|    0|    0|
    |fcmp_32ns_32ns_1_2_no_dsp_0_U30     |fcmp_32ns_32ns_1_2_no_dsp_0     |        0|   0|    0|    0|    0|
    |fcmp_32ns_32ns_1_2_no_dsp_0_U31     |fcmp_32ns_32ns_1_2_no_dsp_0     |        0|   0|    0|    0|    0|
    |fcmp_32ns_32ns_1_2_no_dsp_0_U32     |fcmp_32ns_32ns_1_2_no_dsp_0     |        0|   0|    0|    0|    0|
    |fmul_32ns_32ns_32_4_max_dsp_0_U13   |fmul_32ns_32ns_32_4_max_dsp_0   |        0|   3|  143|  321|    0|
    |fmul_32ns_32ns_32_4_max_dsp_0_U14   |fmul_32ns_32ns_32_4_max_dsp_0   |        0|   3|  143|  321|    0|
    |fmul_32ns_32ns_32_4_max_dsp_0_U15   |fmul_32ns_32ns_32_4_max_dsp_0   |        0|   3|  143|  321|    0|
    |fmul_32ns_32ns_32_4_max_dsp_0_U16   |fmul_32ns_32ns_32_4_max_dsp_0   |        0|   3|  143|  321|    0|
    |fmul_32ns_32ns_32_4_max_dsp_0_U17   |fmul_32ns_32ns_32_4_max_dsp_0   |        0|   3|  143|  321|    0|
    |fmul_32ns_32ns_32_4_max_dsp_0_U18   |fmul_32ns_32ns_32_4_max_dsp_0   |        0|   3|  143|  321|    0|
    |fmul_32ns_32ns_32_4_max_dsp_0_U19   |fmul_32ns_32ns_32_4_max_dsp_0   |        0|   3|  143|  321|    0|
    |fmul_32ns_32ns_32_4_max_dsp_0_U20   |fmul_32ns_32ns_32_4_max_dsp_0   |        0|   3|  143|  321|    0|
    |fmul_32ns_32ns_32_4_max_dsp_0_U21   |fmul_32ns_32ns_32_4_max_dsp_0   |        0|   3|  143|  321|    0|
    |mux_42_32_1_0_U33                   |mux_42_32_1_0                   |        0|   0|    0|   20|    0|
    |mux_42_32_1_0_U34                   |mux_42_32_1_0                   |        0|   0|    0|   20|    0|
    |mux_42_32_1_0_U35                   |mux_42_32_1_0                   |        0|   0|    0|   20|    0|
    |mux_42_32_1_0_U36                   |mux_42_32_1_0                   |        0|   0|    0|   20|    0|
    +------------------------------------+--------------------------------+---------+----+-----+-----+-----+
    |Total                               |                                |        0|  51| 3747| 7649|    0|
    +------------------------------------+--------------------------------+---------+----+-----+-----+-----+

    * DSP: 
    N/A

    * Memory: 
    N/A

    * FIFO: 
    N/A

    * Expression: 
    +---------------------------------+----------+----+---+----+------------+------------+
    |          Variable Name          | Operation| DSP| FF| LUT| Bitwidth P0| Bitwidth P1|
    +---------------------------------+----------+----+---+----+------------+------------+
    |and_ln111_1_fu_840_p2            |       and|   0|  0|   2|           1|           1|
    |and_ln111_fu_834_p2              |       and|   0|  0|   2|           1|           1|
    |and_ln118_1_fu_1203_p2           |       and|   0|  0|   2|           1|           1|
    |and_ln118_fu_1197_p2             |       and|   0|  0|   2|           1|           1|
    |and_ln125_1_fu_1596_p2           |       and|   0|  0|   2|           1|           1|
    |and_ln125_fu_1590_p2             |       and|   0|  0|   2|           1|           1|
    |and_ln148_1_fu_932_p2            |       and|   0|  0|   2|           1|           1|
    |and_ln148_fu_926_p2              |       and|   0|  0|   2|           1|           1|
    |and_ln155_1_fu_1293_p2           |       and|   0|  0|   2|           1|           1|
    |and_ln155_fu_1287_p2             |       and|   0|  0|   2|           1|           1|
    |and_ln162_1_fu_1616_p2           |       and|   0|  0|   2|           1|           1|
    |and_ln162_fu_1610_p2             |       and|   0|  0|   2|           1|           1|
    |and_ln185_1_fu_656_p2            |       and|   0|  0|   2|           1|           1|
    |and_ln185_fu_650_p2              |       and|   0|  0|   2|           1|           1|
    |and_ln192_1_fu_1023_p2           |       and|   0|  0|   2|           1|           1|
    |and_ln192_fu_1017_p2             |       and|   0|  0|   2|           1|           1|
    |and_ln199_1_fu_1556_p2           |       and|   0|  0|   2|           1|           1|
    |and_ln199_fu_1550_p2             |       and|   0|  0|   2|           1|           1|
    |and_ln21_fu_397_p2               |       and|   0|  0|   2|           1|           1|
    |and_ln22_fu_402_p2               |       and|   0|  0|   2|           1|           1|
    |and_ln29_1_fu_511_p2             |       and|   0|  0|   2|           1|           1|
    |and_ln29_fu_429_p2               |       and|   0|  0|   2|           1|           1|
    |and_ln37_1_fu_542_p2             |       and|   0|  0|   2|           1|           1|
    |and_ln37_2_fu_554_p2             |       and|   0|  0|   2|           1|           1|
    |and_ln37_3_fu_566_p2             |       and|   0|  0|   2|           1|           1|
    |and_ln37_fu_1766_p2              |       and|   0|  0|   2|           1|           1|
    |and_ln38_1_fu_407_p2             |       and|   0|  0|   2|           1|           1|
    |and_ln38_fu_440_p2               |       and|   0|  0|   2|           1|           1|
    |and_ln44_1_fu_412_p2             |       and|   0|  0|   2|           1|           1|
    |and_ln44_2_fu_444_p2             |       and|   0|  0|   2|           1|           1|
    |and_ln44_fu_448_p2               |       and|   0|  0|   2|           1|           1|
    |and_ln47_fu_417_p2               |       and|   0|  0|   2|           1|           1|
    |and_ln50_fu_473_p2               |       and|   0|  0|   2|           1|           1|
    |and_ln74_1_fu_748_p2             |       and|   0|  0|   2|           1|           1|
    |and_ln74_fu_742_p2               |       and|   0|  0|   2|           1|           1|
    |and_ln81_1_fu_1113_p2            |       and|   0|  0|   2|           1|           1|
    |and_ln81_fu_1107_p2              |       and|   0|  0|   2|           1|           1|
    |and_ln88_1_fu_1576_p2            |       and|   0|  0|   2|           1|           1|
    |and_ln88_fu_1570_p2              |       and|   0|  0|   2|           1|           1|
    |ap_predicate_op224_fcmp_state15  |       and|   0|  0|   2|           1|           1|
    |ap_predicate_op227_fcmp_state15  |       and|   0|  0|   2|           1|           1|
    |ap_predicate_op230_fcmp_state15  |       and|   0|  0|   2|           1|           1|
    |ap_predicate_op233_fcmp_state15  |       and|   0|  0|   2|           1|           1|
    |ap_predicate_op307_fcmp_state17  |       and|   0|  0|   2|           1|           1|
    |ap_predicate_op309_fcmp_state17  |       and|   0|  0|   2|           1|           1|
    |ap_predicate_op311_fcmp_state17  |       and|   0|  0|   2|           1|           1|
    |ap_predicate_op313_fcmp_state17  |       and|   0|  0|   2|           1|           1|
    |ap_predicate_op392_fcmp_state19  |       and|   0|  0|   2|           1|           1|
    |ap_predicate_op403_fcmp_state19  |       and|   0|  0|   2|           1|           1|
    |ap_predicate_op414_fcmp_state19  |       and|   0|  0|   2|           1|           1|
    |ap_predicate_op425_fcmp_state19  |       and|   0|  0|   2|           1|           1|
    |icmp_ln111_1_fu_804_p2           |      icmp|   0|  0|  15|          23|           1|
    |icmp_ln111_2_fu_816_p2           |      icmp|   0|  0|  11|           8|           2|
    |icmp_ln111_3_fu_822_p2           |      icmp|   0|  0|  15|          23|           1|
    |icmp_ln111_fu_798_p2             |      icmp|   0|  0|  11|           8|           2|
    |icmp_ln118_1_fu_1167_p2          |      icmp|   0|  0|  15|          23|           1|
    |icmp_ln118_2_fu_1179_p2          |      icmp|   0|  0|  11|           8|           2|
    |icmp_ln118_3_fu_1185_p2          |      icmp|   0|  0|  15|          23|           1|
    |icmp_ln118_fu_1161_p2            |      icmp|   0|  0|  11|           8|           2|
    |icmp_ln125_1_fu_1465_p2          |      icmp|   0|  0|  15|          23|           1|
    |icmp_ln125_2_fu_1471_p2          |      icmp|   0|  0|  11|           8|           2|
    |icmp_ln125_3_fu_1477_p2          |      icmp|   0|  0|  15|          23|           1|
    |icmp_ln125_fu_1459_p2            |      icmp|   0|  0|  11|           8|           2|
    |icmp_ln148_1_fu_896_p2           |      icmp|   0|  0|  15|          23|           1|
    |icmp_ln148_2_fu_908_p2           |      icmp|   0|  0|  11|           8|           2|
    |icmp_ln148_3_fu_914_p2           |      icmp|   0|  0|  15|          23|           1|
    |icmp_ln148_fu_890_p2             |      icmp|   0|  0|  11|           8|           2|
    |icmp_ln155_1_fu_1257_p2          |      icmp|   0|  0|  15|          23|           1|
    |icmp_ln155_2_fu_1269_p2          |      icmp|   0|  0|  11|           8|           2|
    |icmp_ln155_3_fu_1275_p2          |      icmp|   0|  0|  15|          23|           1|
    |icmp_ln155_fu_1251_p2            |      icmp|   0|  0|  11|           8|           2|
    |icmp_ln162_1_fu_1524_p2          |      icmp|   0|  0|  15|          23|           1|
    |icmp_ln162_2_fu_1530_p2          |      icmp|   0|  0|  11|           8|           2|
    |icmp_ln162_3_fu_1536_p2          |      icmp|   0|  0|  15|          23|           1|
    |icmp_ln162_fu_1518_p2            |      icmp|   0|  0|  11|           8|           2|
    |icmp_ln185_1_fu_620_p2           |      icmp|   0|  0|  15|          23|           1|
    |icmp_ln185_2_fu_632_p2           |      icmp|   0|  0|  11|           8|           2|
    |icmp_ln185_3_fu_638_p2           |      icmp|   0|  0|  15|          23|           1|
    |icmp_ln185_fu_614_p2             |      icmp|   0|  0|  11|           8|           2|
    |icmp_ln192_1_fu_987_p2           |      icmp|   0|  0|  15|          23|           1|
    |icmp_ln192_2_fu_999_p2           |      icmp|   0|  0|  11|           8|           2|
    |icmp_ln192_3_fu_1005_p2          |      icmp|   0|  0|  15|          23|           1|
    |icmp_ln192_fu_981_p2             |      icmp|   0|  0|  11|           8|           2|
    |icmp_ln199_1_fu_1347_p2          |      icmp|   0|  0|  15|          23|           1|
    |icmp_ln199_2_fu_1353_p2          |      icmp|   0|  0|  11|           8|           2|
    |icmp_ln199_3_fu_1359_p2          |      icmp|   0|  0|  15|          23|           1|
    |icmp_ln199_fu_1341_p2            |      icmp|   0|  0|  11|           8|           2|
    |icmp_ln21_1_fu_385_p2            |      icmp|   0|  0|  15|          23|           1|
    |icmp_ln21_fu_379_p2              |      icmp|   0|  0|  11|           8|           2|
    |icmp_ln22_1_fu_318_p2            |      icmp|   0|  0|  15|          23|           1|
    |icmp_ln22_fu_312_p2              |      icmp|   0|  0|  11|           8|           2|
    |icmp_ln38_1_fu_350_p2            |      icmp|   0|  0|  15|          23|           1|
    |icmp_ln38_fu_344_p2              |      icmp|   0|  0|  11|           8|           2|
    |icmp_ln55_1_fu_536_p2            |      icmp|   0|  0|   8|           3|           2|
    |icmp_ln55_2_fu_548_p2            |      icmp|   0|  0|   8|           3|           2|
    |icmp_ln55_3_fu_560_p2            |      icmp|   0|  0|   8|           3|           1|
    |icmp_ln55_fu_525_p2              |      icmp|   0|  0|   9|           3|           4|
    |icmp_ln74_1_fu_712_p2            |      icmp|   0|  0|  15|          23|           1|
    |icmp_ln74_2_fu_724_p2            |      icmp|   0|  0|  11|           8|           2|
    |icmp_ln74_3_fu_730_p2            |      icmp|   0|  0|  15|          23|           1|
    |icmp_ln74_fu_706_p2              |      icmp|   0|  0|  11|           8|           2|
    |icmp_ln81_1_fu_1077_p2           |      icmp|   0|  0|  15|          23|           1|
    |icmp_ln81_2_fu_1089_p2           |      icmp|   0|  0|  11|           8|           2|
    |icmp_ln81_3_fu_1095_p2           |      icmp|   0|  0|  15|          23|           1|
    |icmp_ln81_fu_1071_p2             |      icmp|   0|  0|  11|           8|           2|
    |icmp_ln88_1_fu_1406_p2           |      icmp|   0|  0|  15|          23|           1|
    |icmp_ln88_2_fu_1412_p2           |      icmp|   0|  0|  11|           8|           2|
    |icmp_ln88_3_fu_1418_p2           |      icmp|   0|  0|  15|          23|           1|
    |icmp_ln88_fu_1400_p2             |      icmp|   0|  0|  11|           8|           2|
    |or_ln111_1_fu_828_p2             |        or|   0|  0|   2|           1|           1|
    |or_ln111_fu_810_p2               |        or|   0|  0|   2|           1|           1|
    |or_ln118_1_fu_1191_p2            |        or|   0|  0|   2|           1|           1|
    |or_ln118_fu_1173_p2              |        or|   0|  0|   2|           1|           1|
    |or_ln125_1_fu_1582_p2            |        or|   0|  0|   2|           1|           1|
    |or_ln125_2_fu_1586_p2            |        or|   0|  0|   2|           1|           1|
    |or_ln125_fu_1704_p2              |        or|   0|  0|   2|           1|           1|
    |or_ln148_1_fu_920_p2             |        or|   0|  0|   2|           1|           1|
    |or_ln148_fu_902_p2               |        or|   0|  0|   2|           1|           1|
    |or_ln155_1_fu_1281_p2            |        or|   0|  0|   2|           1|           1|
    |or_ln155_fu_1263_p2              |        or|   0|  0|   2|           1|           1|
    |or_ln162_1_fu_1602_p2            |        or|   0|  0|   2|           1|           1|
    |or_ln162_2_fu_1606_p2            |        or|   0|  0|   2|           1|           1|
    |or_ln162_fu_1740_p2              |        or|   0|  0|   2|           1|           1|
    |or_ln185_1_fu_644_p2             |        or|   0|  0|   2|           1|           1|
    |or_ln185_fu_626_p2               |        or|   0|  0|   2|           1|           1|
    |or_ln192_1_fu_1011_p2            |        or|   0|  0|   2|           1|           1|
    |or_ln192_fu_993_p2               |        or|   0|  0|   2|           1|           1|
    |or_ln199_1_fu_1542_p2            |        or|   0|  0|   2|           1|           1|
    |or_ln199_2_fu_1546_p2            |        or|   0|  0|   2|           1|           1|
    |or_ln199_fu_1632_p2              |        or|   0|  0|   2|           1|           1|
    |or_ln21_fu_391_p2                |        or|   0|  0|   2|           1|           1|
    |or_ln22_fu_324_p2                |        or|   0|  0|   2|           1|           1|
    |or_ln37_1_fu_1770_p2             |        or|   0|  0|   2|           1|           1|
    |or_ln37_2_fu_1812_p2             |        or|   0|  0|   2|           1|           1|
    |or_ln37_fu_572_p2                |        or|   0|  0|   2|           1|           1|
    |or_ln38_fu_356_p2                |        or|   0|  0|   2|           1|           1|
    |or_ln47_fu_460_p2                |        or|   0|  0|   2|           1|           1|
    |or_ln50_fu_485_p2                |        or|   0|  0|   2|           1|           1|
    |or_ln74_1_fu_736_p2              |        or|   0|  0|   2|           1|           1|
    |or_ln74_fu_718_p2                |        or|   0|  0|   2|           1|           1|
    |or_ln81_1_fu_1101_p2             |        or|   0|  0|   2|           1|           1|
    |or_ln81_fu_1083_p2               |        or|   0|  0|   2|           1|           1|
    |or_ln88_1_fu_1562_p2             |        or|   0|  0|   2|           1|           1|
    |or_ln88_2_fu_1566_p2             |        or|   0|  0|   2|           1|           1|
    |or_ln88_fu_1668_p2               |        or|   0|  0|   2|           1|           1|
    |quad_1_fu_465_p3                 |    select|   0|  0|   3|           1|           3|
    |quad_2_fu_491_p3                 |    select|   0|  0|   3|           1|           3|
    |quad_3_fu_499_p3                 |    select|   0|  0|   3|           1|           3|
    |quad_4_fu_517_p3                 |    select|   0|  0|   3|           1|           3|
    |quad_fu_433_p3                   |    select|   0|  0|   4|           1|           4|
    |select_ln111_fu_846_p3           |    select|   0|  0|  32|           1|          32|
    |select_ln118_fu_1209_p3          |    select|   0|  0|  32|           1|          32|
    |select_ln131_fu_1697_p3          |    select|   0|  0|   3|           1|           2|
    |select_ln148_fu_938_p3           |    select|   0|  0|  32|           1|          32|
    |select_ln155_fu_1299_p3          |    select|   0|  0|  32|           1|          32|
    |select_ln168_fu_1733_p3          |    select|   0|  0|   3|           1|           2|
    |select_ln185_fu_662_p3           |    select|   0|  0|  32|           1|          32|
    |select_ln192_fu_1029_p3          |    select|   0|  0|  32|           1|          32|
    |select_ln205_fu_1625_p3          |    select|   0|  0|   3|           1|           2|
    |select_ln29_fu_422_p3            |    select|   0|  0|   2|           1|           1|
    |select_ln37_1_fu_1798_p3         |    select|   0|  0|   4|           1|           4|
    |select_ln37_2_fu_1805_p3         |    select|   0|  0|   4|           1|           4|
    |select_ln37_3_fu_1817_p3         |    select|   0|  0|   4|           1|           4|
    |select_ln37_fu_1783_p3           |    select|   0|  0|   4|           1|           4|
    |select_ln47_fu_453_p3            |    select|   0|  0|   4|           1|           4|
    |select_ln50_fu_477_p3            |    select|   0|  0|   2|           1|           1|
    |select_ln74_fu_754_p3            |    select|   0|  0|  32|           1|          32|
    |select_ln81_fu_1119_p3           |    select|   0|  0|  32|           1|          32|
    |select_ln94_fu_1661_p3           |    select|   0|  0|   3|           1|           2|
    |val_assign_1_fu_1680_p5          |    select|   0|  0|   2|           1|           2|
    |val_assign_2_fu_1716_p5          |    select|   0|  0|   2|           1|           2|
    |val_assign_3_fu_1752_p5          |    select|   0|  0|   2|           1|           2|
    |val_assign_fu_1644_p5            |    select|   0|  0|   2|           1|           2|
    |xor_ln21_fu_506_p2               |       xor|   0|  0|   2|           2|           1|
    |xor_ln37_fu_531_p2               |       xor|   0|  0|   2|           1|           2|
    +---------------------------------+----------+----+---+----+------------+------------+
    |Total                            |          |   0|  0|1229|         967|         490|
    +---------------------------------+----------+----+---+----+------------+------------+

    * Multiplexer: 
    +---------------+----+-----------+-----+-----------+
    |      Name     | LUT| Input Size| Bits| Total Bits|
    +---------------+----+-----------+-----+-----------+
    |ap_return      |  14|          3|    4|         12|
    |grp_fu_138_p0  |  14|          3|   32|         96|
    |grp_fu_138_p1  |  14|          3|   32|         96|
    |grp_fu_142_p0  |  14|          3|   32|         96|
    |grp_fu_142_p1  |  14|          3|   32|         96|
    |grp_fu_146_p0  |  14|          3|   32|         96|
    |grp_fu_146_p1  |  14|          3|   32|         96|
    |grp_fu_150_p0  |  14|          3|   32|         96|
    |grp_fu_150_p1  |  14|          3|   32|         96|
    |grp_fu_234_p1  |  25|          5|   32|        160|
    |grp_fu_238_p1  |  25|          5|   32|        160|
    +---------------+----+-----------+-----+-----------+
    |Total          | 176|         37|  324|       1100|
    +---------------+----+-----------+-----+-----------+

    * Register: 
    +--------------------------------------+----+----+-----+-----------+
    |                 Name                 | FF | LUT| Bits| Const Bits|
    +--------------------------------------+----+----+-----+-----------+
    |and_ln111_1_reg_2068                  |   1|   0|    1|          0|
    |and_ln118_1_reg_2114                  |   1|   0|    1|          0|
    |and_ln125_1_reg_2228                  |   1|   0|    1|          0|
    |and_ln148_1_reg_2080                  |   1|   0|    1|          0|
    |and_ln155_1_reg_2125                  |   1|   0|    1|          0|
    |and_ln162_1_reg_2234                  |   1|   0|    1|          0|
    |and_ln185_1_reg_2044                  |   1|   0|    1|          0|
    |and_ln192_1_reg_2092                  |   1|   0|    1|          0|
    |and_ln199_1_reg_2216                  |   1|   0|    1|          0|
    |and_ln21_reg_1911                     |   1|   0|    1|          0|
    |and_ln22_reg_1939                     |   1|   0|    1|          0|
    |and_ln37_1_reg_2015                   |   1|   0|    1|          0|
    |and_ln37_3_reg_2021                   |   1|   0|    1|          0|
    |and_ln38_1_reg_1946                   |   1|   0|    1|          0|
    |and_ln44_1_reg_1952                   |   1|   0|    1|          0|
    |and_ln47_reg_1963                     |   1|   0|    1|          0|
    |and_ln74_1_reg_2056                   |   1|   0|    1|          0|
    |and_ln81_1_reg_2103                   |   1|   0|    1|          0|
    |and_ln88_1_reg_2222                   |   1|   0|    1|          0|
    |ap_ce_reg                             |   1|   0|    1|          0|
    |ap_return_int_reg                     |   4|   0|    4|          0|
    |icmp_ln125_1_reg_2181                 |   1|   0|    1|          0|
    |icmp_ln125_2_reg_2186                 |   1|   0|    1|          0|
    |icmp_ln125_3_reg_2191                 |   1|   0|    1|          0|
    |icmp_ln125_reg_2176                   |   1|   0|    1|          0|
    |icmp_ln162_1_reg_2201                 |   1|   0|    1|          0|
    |icmp_ln162_2_reg_2206                 |   1|   0|    1|          0|
    |icmp_ln162_3_reg_2211                 |   1|   0|    1|          0|
    |icmp_ln162_reg_2196                   |   1|   0|    1|          0|
    |icmp_ln199_1_reg_2141                 |   1|   0|    1|          0|
    |icmp_ln199_2_reg_2146                 |   1|   0|    1|          0|
    |icmp_ln199_3_reg_2151                 |   1|   0|    1|          0|
    |icmp_ln199_reg_2136                   |   1|   0|    1|          0|
    |icmp_ln55_reg_2005                    |   1|   0|    1|          0|
    |icmp_ln88_1_reg_2161                  |   1|   0|    1|          0|
    |icmp_ln88_2_reg_2166                  |   1|   0|    1|          0|
    |icmp_ln88_3_reg_2171                  |   1|   0|    1|          0|
    |icmp_ln88_reg_2156                    |   1|   0|    1|          0|
    |imag_reg_1825                         |  32|   0|   32|          0|
    |in_bit_int_reg                        |  64|   0|   64|          0|
    |mul1_reg_1969                         |  32|   0|   32|          0|
    |mul2_reg_1987                         |  32|   0|   32|          0|
    |mul3_reg_1993                         |  32|   0|   32|          0|
    |mul4_reg_1975                         |  32|   0|   32|          0|
    |mul5_reg_1999                         |  32|   0|   32|          0|
    |mul6_reg_1981                         |  32|   0|   32|          0|
    |mul7_reg_2032                         |  32|   0|   32|          0|
    |mul8_reg_2038                         |  32|   0|   32|          0|
    |mul_reg_1861                          |  32|   0|   32|          0|
    |or_ln21_reg_1869                      |   1|   0|    1|          0|
    |or_ln22_reg_1848                      |   1|   0|    1|          0|
    |or_ln37_reg_2026                      |   1|   0|    1|          0|
    |or_ln38_reg_1854                      |   1|   0|    1|          0|
    |real_reg_1837                         |  32|   0|   32|          0|
    |reg_242                               |  32|   0|   32|          0|
    |reg_242_pp0_iter14_reg                |  32|   0|   32|          0|
    |reg_247                               |  32|   0|   32|          0|
    |reg_247_pp0_iter14_reg                |  32|   0|   32|          0|
    |reg_252                               |  32|   0|   32|          0|
    |reg_252_pp0_iter16_reg                |  32|   0|   32|          0|
    |reg_257                               |  32|   0|   32|          0|
    |select_ln111_reg_2073                 |  32|   0|   32|          0|
    |select_ln111_reg_2073_pp0_iter16_reg  |  32|   0|   32|          0|
    |select_ln118_reg_2119                 |  32|   0|   32|          0|
    |select_ln148_reg_2085                 |  32|   0|   32|          0|
    |select_ln148_reg_2085_pp0_iter16_reg  |  32|   0|   32|          0|
    |select_ln155_reg_2130                 |  32|   0|   32|          0|
    |select_ln185_reg_2049                 |  32|   0|   32|          0|
    |select_ln185_reg_2049_pp0_iter16_reg  |  32|   0|   32|          0|
    |select_ln192_reg_2097                 |  32|   0|   32|          0|
    |select_ln74_reg_2061                  |  32|   0|   32|          0|
    |select_ln74_reg_2061_pp0_iter16_reg   |  32|   0|   32|          0|
    |select_ln81_reg_2108                  |  32|   0|   32|          0|
    |sub1_reg_1893                         |  32|   0|   32|          0|
    |sub2_reg_1899                         |  32|   0|   32|          0|
    |sub3_reg_1881                         |  32|   0|   32|          0|
    |sub4_reg_1905                         |  32|   0|   32|          0|
    |sub5_reg_1887                         |  32|   0|   32|          0|
    |sub6_reg_1927                         |  32|   0|   32|          0|
    |sub7_reg_1933                         |  32|   0|   32|          0|
    |sub_reg_1875                          |  32|   0|   32|          0|
    |tmp_45_reg_1922                       |   1|   0|    1|          0|
    |tmp_5_reg_1917                        |   1|   0|    1|          0|
    |tmp_s_reg_1958                        |   1|   0|    1|          0|
    |xor_ln37_reg_2010                     |   1|   0|    1|          0|
    |and_ln111_1_reg_2068                  |  64|  32|    1|          0|
    |and_ln118_1_reg_2114                  |  64|  32|    1|          0|
    |and_ln148_1_reg_2080                  |  64|  32|    1|          0|
    |and_ln155_1_reg_2125                  |  64|  32|    1|          0|
    |and_ln185_1_reg_2044                  |  64|  32|    1|          0|
    |and_ln192_1_reg_2092                  |  64|  32|    1|          0|
    |and_ln21_reg_1911                     |  64|  32|    1|          0|
    |and_ln37_1_reg_2015                   |  64|  32|    1|          0|
    |and_ln37_3_reg_2021                   |  64|  32|    1|          0|
    |and_ln74_1_reg_2056                   |  64|  32|    1|          0|
    |and_ln81_1_reg_2103                   |  64|  32|    1|          0|
    |icmp_ln55_reg_2005                    |  64|  32|    1|          0|
    |imag_reg_1825                         |  64|  32|   32|          0|
    |mul2_reg_1987                         |  64|  32|   32|          0|
    |mul3_reg_1993                         |  64|  32|   32|          0|
    |mul4_reg_1975                         |  64|  32|   32|          0|
    |mul6_reg_1981                         |  64|  32|   32|          0|
    |mul7_reg_2032                         |  64|  32|   32|          0|
    |mul8_reg_2038                         |  64|  32|   32|          0|
    |or_ln21_reg_1869                      |  64|  32|    1|          0|
    |or_ln22_reg_1848                      |  64|  32|    1|          0|
    |or_ln37_reg_2026                      |  64|  32|    1|          0|
    |or_ln38_reg_1854                      |  64|  32|    1|          0|
    |real_reg_1837                         |  64|  32|   32|          0|
    |tmp_45_reg_1922                       |  64|  32|    1|          0|
    |tmp_5_reg_1917                        |  64|  32|    1|          0|
    |xor_ln37_reg_2010                     |  64|  32|    1|          0|
    +--------------------------------------+----+----+-----+-----------+
    |Total                                 |3057| 864| 1604|          0|
    +--------------------------------------+----+----+-----+-----------+



================================================================
== Interface
================================================================
* Summary: 
+-----------+-----+-----+------------+--------------+--------------+
| RTL Ports | Dir | Bits|  Protocol  | Source Object|    C Type    |
+-----------+-----+-----+------------+--------------+--------------+
|ap_clk     |   in|    1|  ap_ctrl_hs|   QAM16_demod|  return value|
|ap_rst     |   in|    1|  ap_ctrl_hs|   QAM16_demod|  return value|
|ap_return  |  out|    4|  ap_ctrl_hs|   QAM16_demod|  return value|
|ap_ce      |   in|    1|  ap_ctrl_hs|   QAM16_demod|  return value|
|in_bit     |   in|   64|     ap_none|        in_bit|        scalar|
+-----------+-----+-----+------------+--------------+--------------+

