

================================================================
== Vitis HLS Report for 'Rayleigh_channel'
================================================================
* Date:           Thu Jun 23 20:52:22 2022

* Version:        2021.2 (Build 3367213 on Tue Oct 19 02:48:09 MDT 2021)
* Project:        Rayleigh_HLS
* Solution:       solution1 (Vivado IP Flow Target)
* Product family: zynq
* Target device:  xc7z020-clg400-1


================================================================
== Performance Estimates
================================================================
+ Timing: 
    * Summary: 
    +--------+----------+----------+------------+
    |  Clock |  Target  | Estimated| Uncertainty|
    +--------+----------+----------+------------+
    |ap_clk  |  10.00 ns|  7.256 ns|     2.70 ns|
    +--------+----------+----------+------------+

+ Latency: 
    * Summary: 
    +---------+----------+-----------+-----------+---------+----------+---------+
    |  Latency (cycles)  |   Latency (absolute)  |      Interval      | Pipeline|
    |   min   |    max   |    min    |    max    |   min   |    max   |   Type  |
    +---------+----------+-----------+-----------+---------+----------+---------+
    |  3379252|  90808372|  33.793 ms|  0.908 sec|  3379253|  90808373|       no|
    +---------+----------+-----------+-----------+---------+----------+---------+

    + Detail: 
        * Instance: 
        +------------------------------------------------------+-------------------------------------------+---------+---------+-----------+-----------+-----+------+---------+
        |                                                      |                                           |  Latency (cycles) |   Latency (absolute)  |  Interval  | Pipeline|
        |                       Instance                       |                   Module                  |   min   |   max   |    min    |    max    | min |  max |   Type  |
        +------------------------------------------------------+-------------------------------------------+---------+---------+-----------+-----------+-----+------+---------+
        |grp_sin_or_cos_float_s_fu_199                         |sin_or_cos_float_s                         |       19|       19|   0.190 us|   0.190 us|    1|     1|      yes|
        |grp_Rayleigh_channel_Pipeline_VITIS_LOOP_64_2_fu_214  |Rayleigh_channel_Pipeline_VITIS_LOOP_64_2  |        2|     1425|  20.000 ns|  14.250 us|    2|  1425|       no|
        +------------------------------------------------------+-------------------------------------------+---------+---------+-----------+-----------+-----+------+---------+

        * Loop: 
        +-------------------+---------+----------+-----------+-----------+-----------+-------+----------+
        |                   |  Latency (cycles)  | Iteration |  Initiation Interval  |  Trip |          |
        |     Loop Name     |   min   |    max   |  Latency  |  achieved |   target  | Count | Pipelined|
        +-------------------+---------+----------+-----------+-----------+-----------+-------+----------+
        |- VITIS_LOOP_45_1  |  3379200|  90808320|  55 ~ 1478|          -|          -|  61440|        no|
        +-------------------+---------+----------+-----------+-----------+-----------+-------+----------+



================================================================
== Utilization Estimates
================================================================
* Summary: 
+-----------------+---------+-----+--------+-------+-----+
|       Name      | BRAM_18K| DSP |   FF   |  LUT  | URAM|
+-----------------+---------+-----+--------+-------+-----+
|DSP              |        -|    -|       -|      -|    -|
|Expression       |        -|    -|       0|     58|    -|
|FIFO             |        -|    -|       -|      -|    -|
|Instance         |        8|   90|   11612|  13035|    -|
|Memory           |        -|    -|       -|      -|    -|
|Multiplexer      |        -|    -|       -|    892|    -|
|Register         |        -|    -|     848|      -|    -|
+-----------------+---------+-----+--------+-------+-----+
|Total            |        8|   90|   12460|  13985|    0|
+-----------------+---------+-----+--------+-------+-----+
|Available        |      280|  220|  106400|  53200|    0|
+-----------------+---------+-----+--------+-------+-----+
|Utilization (%)  |        2|   40|      11|     26|    0|
+-----------------+---------+-----+--------+-------+-----+

+ Detail: 
    * Instance: 
    +------------------------------------------------------+-------------------------------------------+---------+----+------+------+-----+
    |                       Instance                       |                   Module                  | BRAM_18K| DSP|  FF  |  LUT | URAM|
    +------------------------------------------------------+-------------------------------------------+---------+----+------+------+-----+
    |CRTL_BUS_s_axi_U                                      |CRTL_BUS_s_axi                             |        0|   0|    79|    90|    0|
    |grp_Rayleigh_channel_Pipeline_VITIS_LOOP_64_2_fu_214  |Rayleigh_channel_Pipeline_VITIS_LOOP_64_2  |        8|  54|  7857|  7402|    0|
    |dmul_64ns_64ns_64_7_max_dsp_1_U81                     |dmul_64ns_64ns_64_7_max_dsp_1              |        0|  11|   342|   586|    0|
    |fadd_32ns_32ns_32_5_full_dsp_1_U68                    |fadd_32ns_32ns_32_5_full_dsp_1             |        0|   2|   205|   390|    0|
    |faddfsub_32ns_32ns_32_5_full_dsp_1_U67                |faddfsub_32ns_32ns_32_5_full_dsp_1         |        0|   2|   205|   390|    0|
    |fdiv_32ns_32ns_32_16_no_dsp_1_U73                     |fdiv_32ns_32ns_32_16_no_dsp_1              |        0|   0|     0|     0|    0|
    |fmul_32ns_32ns_32_4_max_dsp_1_U69                     |fmul_32ns_32ns_32_4_max_dsp_1              |        0|   3|   143|   321|    0|
    |fmul_32ns_32ns_32_4_max_dsp_1_U70                     |fmul_32ns_32ns_32_4_max_dsp_1              |        0|   3|   143|   321|    0|
    |fmul_32ns_32ns_32_4_max_dsp_1_U71                     |fmul_32ns_32ns_32_4_max_dsp_1              |        0|   3|   143|   321|    0|
    |fmul_32ns_32ns_32_4_max_dsp_1_U72                     |fmul_32ns_32ns_32_4_max_dsp_1              |        0|   3|   143|   321|    0|
    |fpext_32ns_64_2_no_dsp_1_U78                          |fpext_32ns_64_2_no_dsp_1                   |        0|   0|     0|     0|    0|
    |fpext_32ns_64_2_no_dsp_1_U79                          |fpext_32ns_64_2_no_dsp_1                   |        0|   0|     0|     0|    0|
    |fpext_32ns_64_2_no_dsp_1_U80                          |fpext_32ns_64_2_no_dsp_1                   |        0|   0|     0|     0|    0|
    |fptrunc_64ns_32_2_no_dsp_1_U77                        |fptrunc_64ns_32_2_no_dsp_1                 |        0|   0|     0|     0|    0|
    |grp_sin_or_cos_float_s_fu_199                         |sin_or_cos_float_s                         |        0|   9|  2352|  2893|    0|
    |sitofp_32ns_32_6_no_dsp_1_U76                         |sitofp_32ns_32_6_no_dsp_1                  |        0|   0|     0|     0|    0|
    |uitofp_32ns_32_6_no_dsp_1_U74                         |uitofp_32ns_32_6_no_dsp_1                  |        0|   0|     0|     0|    0|
    |uitofp_32ns_32_6_no_dsp_1_U75                         |uitofp_32ns_32_6_no_dsp_1                  |        0|   0|     0|     0|    0|
    +------------------------------------------------------+-------------------------------------------+---------+----+------+------+-----+
    |Total                                                 |                                           |        8|  90| 11612| 13035|    0|
    +------------------------------------------------------+-------------------------------------------+---------+----+------+------+-----+

    * DSP: 
    N/A

    * Memory: 
    N/A

    * FIFO: 
    N/A

    * Expression: 
    +---------------------+----------+----+---+----+------------+------------+
    |    Variable Name    | Operation| DSP| FF| LUT| Bitwidth P0| Bitwidth P1|
    +---------------------+----------+----+---+----+------------+------------+
    |add_ln45_fu_376_p2   |         +|   0|  0|  14|           9|           1|
    |idx_2_fu_391_p2      |         +|   0|  0|  23|          16|           1|
    |icmp_ln45_fu_385_p2  |      icmp|   0|  0|  13|          16|          14|
    |N_fu_358_p2          |        or|   0|  0|   8|           8|           2|
    +---------------------+----------+----+---+----+------------+------------+
    |Total                |          |   0|  0|  58|          49|          18|
    +---------------------+----------+----+---+----+------------+------------+

    * Multiplexer: 
    +----------------------------------------+-----+-----------+-----+-----------+
    |                  Name                  | LUT | Input Size| Bits| Total Bits|
    +----------------------------------------+-----+-----------+-----+-----------+
    |ap_NS_fsm                               |  526|        106|    1|        106|
    |grp_fu_247_ce                           |   14|          3|    1|          3|
    |grp_fu_247_opcode                       |   14|          3|    2|          6|
    |grp_fu_247_p0                           |   14|          3|   32|         96|
    |grp_fu_247_p1                           |   14|          3|   32|         96|
    |grp_fu_255_ce                           |   14|          3|    1|          3|
    |grp_fu_255_p0                           |   25|          5|   32|        160|
    |grp_fu_255_p1                           |   25|          5|   32|        160|
    |grp_fu_272_p0                           |   14|          3|   32|         96|
    |grp_fu_272_p1                           |   14|          3|   32|         96|
    |grp_fu_278_p0                           |   20|          4|   32|        128|
    |grp_fu_281_p0                           |   14|          3|   32|         96|
    |grp_fu_287_ce                           |    9|          2|    1|          2|
    |grp_fu_287_p0                           |   14|          3|   64|        192|
    |grp_fu_290_ce                           |    9|          2|    1|          2|
    |grp_fu_290_p0                           |   25|          5|   32|        160|
    |grp_fu_299_ce                           |   14|          3|    1|          3|
    |grp_fu_299_p0                           |   20|          4|   64|        256|
    |grp_fu_299_p1                           |   20|          4|   64|        256|
    |grp_sin_or_cos_float_s_fu_199_ap_ce     |    9|          2|    1|          2|
    |grp_sin_or_cos_float_s_fu_199_ap_start  |    9|          2|    1|          2|
    |grp_sin_or_cos_float_s_fu_199_do_cos    |   14|          3|    1|          3|
    |grp_sin_or_cos_float_s_fu_199_t_in      |   14|          3|   32|         96|
    |idx_fu_132                              |    9|          2|   16|         32|
    |inStrm_TDATA_blk_n                      |    9|          2|    1|          2|
    |outStrm_fade_TDATA_blk_n                |    9|          2|    1|          2|
    +----------------------------------------+-----+-----------+-----+-----------+
    |Total                                   |  892|        183|  541|       2056|
    +----------------------------------------+-----+-----------+-----+-----------+

    * Register: 
    +-------------------------------------------------------------------+-----+----+-----+-----------+
    |                                Name                               |  FF | LUT| Bits| Const Bits|
    +-------------------------------------------------------------------+-----+----+-----+-----------+
    |M_read_reg_485                                                     |    8|   0|    8|          0|
    |add_ln45_reg_540                                                   |    9|   0|    9|          0|
    |ap_CS_fsm                                                          |  105|   0|  105|          0|
    |coef_I_reg_610                                                     |   32|   0|   32|          0|
    |conv2_reg_530                                                      |   64|   0|   64|          0|
    |conv4_reg_535                                                      |   64|   0|   64|          0|
    |conv8_reg_553                                                      |   32|   0|   32|          0|
    |conv9_reg_565                                                      |   64|   0|   64|          0|
    |fc_read_reg_492                                                    |   16|   0|   16|          0|
    |grp_Rayleigh_channel_Pipeline_VITIS_LOOP_64_2_fu_214_ap_start_reg  |    1|   0|    1|          0|
    |grp_sin_or_cos_float_s_fu_199_ap_start_reg                         |    1|   0|    1|          0|
    |idx_fu_132                                                         |   16|   0|   16|          0|
    |mul4_reg_621                                                       |   32|   0|   32|          0|
    |mul5_reg_626                                                       |   32|   0|   32|          0|
    |mul6_reg_631                                                       |   32|   0|   32|          0|
    |reg_305                                                            |   32|   0|   32|          0|
    |reg_313                                                            |   32|   0|   32|          0|
    |reg_319                                                            |   64|   0|   64|          0|
    |reg_325                                                            |   64|   0|   64|          0|
    |reg_330                                                            |   32|   0|   32|          0|
    |reg_337                                                            |   32|   0|   32|          0|
    |tmp_dest_V_reg_595                                                 |    1|   0|    1|          0|
    |tmp_id_V_reg_590                                                   |    1|   0|    1|          0|
    |tmp_keep_V_reg_570                                                 |    8|   0|    8|          0|
    |tmp_last_V_reg_585                                                 |    1|   0|    1|          0|
    |tmp_reg_559                                                        |   32|   0|   32|          0|
    |tmp_strb_V_reg_575                                                 |    8|   0|    8|          0|
    |tmp_user_V_reg_580                                                 |    1|   0|    1|          0|
    |w_m_reg_524                                                        |   32|   0|   32|          0|
    +-------------------------------------------------------------------+-----+----+-----+-----------+
    |Total                                                              |  848|   0|  848|          0|
    +-------------------------------------------------------------------+-----+----+-----+-----------+



================================================================
== Interface
================================================================
* Summary: 
+------------------------+-----+-----+------------+-----------------------+--------------+
|        RTL Ports       | Dir | Bits|  Protocol  |     Source Object     |    C Type    |
+------------------------+-----+-----+------------+-----------------------+--------------+
|s_axi_CRTL_BUS_AWVALID  |   in|    1|       s_axi|               CRTL_BUS|        scalar|
|s_axi_CRTL_BUS_AWREADY  |  out|    1|       s_axi|               CRTL_BUS|        scalar|
|s_axi_CRTL_BUS_AWADDR   |   in|    5|       s_axi|               CRTL_BUS|        scalar|
|s_axi_CRTL_BUS_WVALID   |   in|    1|       s_axi|               CRTL_BUS|        scalar|
|s_axi_CRTL_BUS_WREADY   |  out|    1|       s_axi|               CRTL_BUS|        scalar|
|s_axi_CRTL_BUS_WDATA    |   in|   32|       s_axi|               CRTL_BUS|        scalar|
|s_axi_CRTL_BUS_WSTRB    |   in|    4|       s_axi|               CRTL_BUS|        scalar|
|s_axi_CRTL_BUS_ARVALID  |   in|    1|       s_axi|               CRTL_BUS|        scalar|
|s_axi_CRTL_BUS_ARREADY  |  out|    1|       s_axi|               CRTL_BUS|        scalar|
|s_axi_CRTL_BUS_ARADDR   |   in|    5|       s_axi|               CRTL_BUS|        scalar|
|s_axi_CRTL_BUS_RVALID   |  out|    1|       s_axi|               CRTL_BUS|        scalar|
|s_axi_CRTL_BUS_RREADY   |   in|    1|       s_axi|               CRTL_BUS|        scalar|
|s_axi_CRTL_BUS_RDATA    |  out|   32|       s_axi|               CRTL_BUS|        scalar|
|s_axi_CRTL_BUS_RRESP    |  out|    2|       s_axi|               CRTL_BUS|        scalar|
|s_axi_CRTL_BUS_BVALID   |  out|    1|       s_axi|               CRTL_BUS|        scalar|
|s_axi_CRTL_BUS_BREADY   |   in|    1|       s_axi|               CRTL_BUS|        scalar|
|s_axi_CRTL_BUS_BRESP    |  out|    2|       s_axi|               CRTL_BUS|        scalar|
|ap_local_block          |  out|    1|  ap_ctrl_hs|       Rayleigh_channel|  return value|
|ap_clk                  |   in|    1|  ap_ctrl_hs|       Rayleigh_channel|  return value|
|ap_rst_n                |   in|    1|  ap_ctrl_hs|       Rayleigh_channel|  return value|
|interrupt               |  out|    1|  ap_ctrl_hs|       Rayleigh_channel|  return value|
|inStrm_TDATA            |   in|   64|        axis|        inStrm_V_data_V|       pointer|
|inStrm_TVALID           |   in|    1|        axis|        inStrm_V_dest_V|       pointer|
|inStrm_TREADY           |  out|    1|        axis|        inStrm_V_dest_V|       pointer|
|inStrm_TDEST            |   in|    1|        axis|        inStrm_V_dest_V|       pointer|
|inStrm_TKEEP            |   in|    8|        axis|        inStrm_V_keep_V|       pointer|
|inStrm_TSTRB            |   in|    8|        axis|        inStrm_V_strb_V|       pointer|
|inStrm_TUSER            |   in|    1|        axis|        inStrm_V_user_V|       pointer|
|inStrm_TLAST            |   in|    1|        axis|        inStrm_V_last_V|       pointer|
|inStrm_TID              |   in|    1|        axis|          inStrm_V_id_V|       pointer|
|outStrm_fade_TDATA      |  out|   64|        axis|  outStrm_fade_V_data_V|       pointer|
|outStrm_fade_TVALID     |  out|    1|        axis|  outStrm_fade_V_dest_V|       pointer|
|outStrm_fade_TREADY     |   in|    1|        axis|  outStrm_fade_V_dest_V|       pointer|
|outStrm_fade_TDEST      |  out|    1|        axis|  outStrm_fade_V_dest_V|       pointer|
|outStrm_fade_TKEEP      |  out|    8|        axis|  outStrm_fade_V_keep_V|       pointer|
|outStrm_fade_TSTRB      |  out|    8|        axis|  outStrm_fade_V_strb_V|       pointer|
|outStrm_fade_TUSER      |  out|    1|        axis|  outStrm_fade_V_user_V|       pointer|
|outStrm_fade_TLAST      |  out|    1|        axis|  outStrm_fade_V_last_V|       pointer|
|outStrm_fade_TID        |  out|    1|        axis|    outStrm_fade_V_id_V|       pointer|
+------------------------+-----+-----+------------+-----------------------+--------------+

